Corte de Sample1.fastq completado. Se han conservado 31000 líneas
Corte de Sample1.fastq completado. Se han conservado 31000 líneas
Corte de Sample1.fastq completado. Se han conservado 31000 líneas
Corte de Sample1.fastq completado. Se han conservado 31000 líneas
Corte de Sample2.fastq completado. Se han conservado 31000 líneas
Corte de Sample2.fastq completado. Se han conservado 31000 líneas
Corte de Sample2.fastq completado. Se han conservado 31000 líneas
Corte de Sample2.fastq completado. Se han conservado 31000 líneas
Corte de Sample3.fastq completado. Se han conservado 31000 líneas
Corte de Sample3.fastq completado. Se han conservado 31000 líneas
Corte de Sample3.fastq completado. Se han conservado 31000 líneas
Corte de Sample3.fastq completado. Se han conservado 31000 líneas
Corte de Sample4.fastq completado. Se han conservado 31000 líneas
Operación completada. Se ha aplicado el corte proporcional para alumno31.
Corte de Sample4.fastq completado. Se han conservado 31000 líneas
Corte de Sample4.fastq completado. Se han conservado 31000 líneas
Operación completada. Se ha aplicado el corte proporcional para alumno31.
Corte de Sample4.fastq completado. Se han conservado 31000 líneas
Operación completada. Se ha aplicado el corte proporcional para alumno31.
Operación completada. Se ha aplicado el corte proporcional para alumno31.

real	0m0,209s
user	0m0,014s
sys	0m0,006s
